# JRE version: OpenJDK Runtime Environment (11.0.6+8) (build 11.0.6+8-b520.43)
# Java VM: OpenJDK 64-Bit Server VM (11.0.6+8-b520.43, mixed mode, sharing, tiered, compressed oops, g1 gc, windows-amd64)
Heap:
 garbage-first heap   total 262144K, used 53983K [0x00000000e0000000, 0x0000000100000000)
  region size 1024K, 38 young (38912K), 3 survivors (3072K)
 Metaspace       used 28138K, capacity 28844K, committed 28976K, reserved 280576K
  class space    used 3887K, capacity 4111K, committed 4224K, reserved 253952K
GC Heap History (6 events):
Event: 0.488 GC heap before
{Heap before GC invocations=0 (full 0):
 garbage-first heap   total 262144K, used 26624K [0x00000000e0000000, 0x0000000100000000)
  region size 1024K, 24 young (24576K), 0 survivors (0K)
 Metaspace       used 3895K, capacity 6592K, committed 6784K, reserved 262144K
  class space    used 500K, capacity 770K, committed 896K, reserved 253952K
}
Event: 0.492 GC heap after
{Heap after GC invocations=1 (full 0):
 garbage-first heap   total 262144K, used 7668K [0x00000000e0000000, 0x0000000100000000)
  region size 1024K, 3 young (3072K), 3 survivors (3072K)
 Metaspace       used 3895K, capacity 6592K, committed 6784K, reserved 262144K
  class space    used 500K, capacity 770K, committed 896K, reserved 253952K
}
Event: 1.875 GC heap before
{Heap before GC invocations=1 (full 0):
 garbage-first heap   total 262144K, used 119284K [0x00000000e0000000, 0x0000000100000000)
  region size 1024K, 114 young (116736K), 3 survivors (3072K)
 Metaspace       used 20735K, capacity 21154K, committed 21296K, reserved 272384K
  class space    used 2946K, capacity 3108K, committed 3200K, reserved 253952K
}
Event: 1.884 GC heap after
{Heap after GC invocations=2 (full 0):
 garbage-first heap   total 262144K, used 17745K [0x00000000e0000000, 0x0000000100000000)
  region size 1024K, 13 young (13312K), 13 survivors (13312K)
 Metaspace       used 20735K, capacity 21154K, committed 21296K, reserved 272384K
  class space    used 2946K, capacity 3108K, committed 3200K, reserved 253952K
}
Event: 2.164 GC heap before
{Heap before GC invocations=3 (full 0):
 garbage-first heap   total 262144K, used 48465K [0x00000000e0000000, 0x0000000100000000)
  region size 1024K, 41 young (41984K), 13 survivors (13312K)
 Metaspace       used 24350K, capacity 24937K, committed 25008K, reserved 276480K
  class space    used 3334K, capacity 3558K, committed 3584K, reserved 253952K
}
Event: 2.172 GC heap after
{Heap after GC invocations=4 (full 0):
 garbage-first heap   total 262144K, used 20191K [0x00000000e0000000, 0x0000000100000000)
  region size 1024K, 3 young (3072K), 3 survivors (3072K)
 Metaspace       used 24350K, capacity 24937K, committed 25008K, reserved 276480K
  class space    used 3334K, capacity 3558K, committed 3584K, reserved 253952K
}

